<?xml version="1.0"?>
<function>
  <testbench var_2="591971" p_var_3="12" p_var_5="8"/>
</function>
