<?xml version="1.0"?>
<function>
  <testbench var_2="2473" p_var_3="10" p_var_5="8"/>
</function>
