<?xml version="1.0"?>
<function>
  <testbench var_2="7293" p_var_3="14" p_var_4="1828" p_var_5="10" p_var_7="2" p_var_8="6764" p_var_9="10"/>
</function>
