<?xml version="1.0"?>
<function>
  <testbench var_4="6764" p_var_3="9" p_var_5="10" p_var_6="2473" p_var_7="10" p_var_9="1" p_var_10="25273" p_var_11="10" p_var_12="7"/>
</function>
