<?xml version="1.0"?>
<function>
  <testbench var_4="1685" p_var_3="14" p_var_5="10" p_var_6="1828" p_var_7="10" p_var_9="4" p_var_10="7672" p_var_11="10" p_var_12="3"/>
</function>
