<?xml version="1.0"?>
<function>
  <testbench var_2="8204" p_var_3="2" p_var_4="6764" p_var_5="10" p_var_7="8" p_var_9="17" p_var_11="16"/>
</function>
