<?xml version="1.0"?>
<function>
  <testbench var_2="8204" p_var_3="14" p_var_4="15362" p_var_5="10"/>
</function>
