<?xml version="1.0"?>
<function>
  <testbench var_2="25273" p_var_3="10" p_var_5="1685" p_var_6="10" p_var_8="1828" p_var_9="10" p_var_10="4" p_var_11="14" p_var_12="3"/>
</function>
